[2026-02-26 22:56:05] ======================================================================
[2026-02-26 22:56:05] 🚀 ADVANCED AI IMPROVEMENT DAEMON v2.0
[2026-02-26 22:56:05] ======================================================================
[2026-02-26 22:56:05] Features:
[2026-02-26 22:56:05]   • Deep rule analysis with 6 quality dimensions
[2026-02-26 22:56:05]   • Worldview alignment checking
[2026-02-26 22:56:05]   • Intelligent case generation
[2026-02-26 22:56:05]   • Cross-reference detection
[2026-02-26 22:56:05]   • Automatic intelligent rewriting
[2026-02-26 22:56:05]   • PID: 51911
[2026-02-26 22:56:05] ======================================================================
[2026-02-26 22:56:05] 
======================================================================
[2026-02-26 22:56:05] 🤖 AI ITERATION #1
[2026-02-26 22:56:05] ======================================================================
[2026-02-26 22:56:05] 
📊 PHASE 1: Deep Rule Analysis
[2026-02-26 22:56:05]   → Extracting all rules from 7 articles...
[2026-02-26 22:56:05]   ✗ No rules found
[2026-02-26 22:57:12] 
======================================================================
[2026-02-26 22:57:12] 🤖 AI ITERATION #2
[2026-02-26 22:57:12] ======================================================================
[2026-02-26 22:57:12] 
📊 PHASE 1: Deep Rule Analysis
[2026-02-26 22:57:12]   → Extracting all rules from 7 articles...
[2026-02-26 22:57:12]   ✗ No rules found
[2026-02-26 22:58:19] 
======================================================================
[2026-02-26 22:58:19] 🤖 AI ITERATION #3
[2026-02-26 22:58:19] ======================================================================
[2026-02-26 22:58:19] 
📊 PHASE 1: Deep Rule Analysis
[2026-02-26 22:58:19]   → Extracting all rules from 7 articles...
[2026-02-26 22:58:19]   ✗ No rules found
[2026-02-26 22:59:25] 
======================================================================
[2026-02-26 22:59:25] 🤖 AI ITERATION #4
[2026-02-26 22:59:25] ======================================================================
[2026-02-26 22:59:25] 
📊 PHASE 1: Deep Rule Analysis
[2026-02-26 22:59:25]   → Extracting all rules from 7 articles...
[2026-02-26 22:59:25]   ✗ No rules found
[2026-02-26 23:00:26] Received signal 15, shutting down...
[2026-02-26 23:00:27] ✓ Daemon stopped
