[2026-02-26 23:03:07] 
======================================================================
[2026-02-26 23:03:07] 🧹 PURIFICATION ITERATION #1
[2026-02-26 23:03:07] ======================================================================
[2026-02-26 23:03:07] 
======================================================================
[2026-02-26 23:03:07] 🧹 RULE PURIFICATION CYCLE
[2026-02-26 23:03:07] ======================================================================
[2026-02-26 23:03:07] Purifying ARTICLES-I-FUNDAMENTAL.md...
[2026-02-26 23:03:07]   ✓ ARTICLES-I-FUNDAMENTAL.md: 77 rules, 56 quality issues
[2026-02-26 23:03:07] Purifying ARTICLES-II-PRODUCTIVITY.md...
[2026-02-26 23:03:07]   ✓ ARTICLES-II-PRODUCTIVITY.md: 183 rules, 147 quality issues
[2026-02-26 23:03:07] Purifying ARTICLES-III-ENERGY.md...
[2026-02-26 23:03:07]   ✗ ARTICLES-III-ENERGY.md: No rules found
[2026-02-26 23:03:07] Purifying ARTICLES-IV-ETHICAL-AGENCY.md...
[2026-02-26 23:03:07]   ✗ ARTICLES-IV-ETHICAL-AGENCY.md: No rules found
[2026-02-26 23:03:07] Purifying ARTICLES-V-ADAPTIVE.md...
[2026-02-26 23:03:07]   ✗ ARTICLES-V-ADAPTIVE.md: No rules found
[2026-02-26 23:03:07] Purifying ARTICLES-VI-EXCEPTIONS.md...
[2026-02-26 23:03:07]   ✗ ARTICLES-VI-EXCEPTIONS.md: No rules found
[2026-02-26 23:03:07] Purifying ARTICLES-VII-OVERSIGHT.md...
[2026-02-26 23:03:07]   ✗ ARTICLES-VII-OVERSIGHT.md: No rules found
[2026-02-26 23:03:07] 
Summary: 260 rules purified, 1 supplementary docs created, 203 quality issues identified
[2026-02-26 23:03:07] Committing changes...
