[2026-02-26 18:07:30] ==================================================
[2026-02-26 18:07:30] Improvement Daemon Started
[2026-02-26 18:07:30] Working directory: /Users/pcofmarcus/.openclaw/workspace/unserious_studio/projects/embodied-governance
[2026-02-26 18:07:30] Iteration delay: 60s
[2026-02-26 18:07:30] PID: 46532
[2026-02-26 18:07:30] ==================================================
[2026-02-26 18:07:30] === Iteration #1 starting ===
[2026-02-26 18:07:30] Uncommitted changes found, committing...
[2026-02-26 18:07:34] Changes committed and pushed successfully
[2026-02-26 18:07:34] === Iteration #1 complete ===
[2026-02-26 18:08:41] === Iteration #2 starting ===
[2026-02-26 18:08:41] Uncommitted changes found, committing...
[2026-02-26 18:08:44] Changes committed and pushed successfully
[2026-02-26 18:08:44] Reading improvement plan...
[2026-02-26 18:08:44] === Iteration #2 complete ===
[2026-02-26 18:09:51] === Iteration #3 starting ===
[2026-02-26 18:09:51] Uncommitted changes found, committing...
[2026-02-26 18:09:54] Changes committed and pushed successfully
[2026-02-26 18:09:54] Reading improvement plan...
[2026-02-26 18:09:54] === Iteration #3 complete ===
[2026-02-26 18:11:01] === Iteration #4 starting ===
[2026-02-26 18:11:01] Uncommitted changes found, committing...
[2026-02-26 18:11:04] Received signal 15, shutting down...
[2026-02-26 18:11:05] Changes committed and pushed successfully
[2026-02-26 18:11:05] Reading improvement plan...
[2026-02-26 18:11:05] === Iteration #4 complete ===
[2026-02-26 18:11:05] Daemon stopped
[2026-02-26 18:11:06] ============================================================
[2026-02-26 18:11:06] AI IMPROVEMENT DAEMON STARTED
[2026-02-26 18:11:06] Working directory: /Users/pcofmarcus/.openclaw/workspace/unserious_studio/projects/embodied-governance
[2026-02-26 18:11:06] Iteration delay: 60s
[2026-02-26 18:11:06] PID: 46632
[2026-02-26 18:11:06] Features: Rule quality analysis, redundancy detection, auto-improvement
[2026-02-26 18:11:06] ============================================================
[2026-02-26 18:11:06] 
============================================================
[2026-02-26 18:11:06] === Iteration #1 Starting ===
[2026-02-26 18:11:06] ============================================================
[2026-02-26 18:11:06] Uncommitted changes found, committing...
